This file contains any messages produced by compilers while
running configure, to aid debugging if configure makes a mistake.

It was created by libfprint configure 0.3.0, which was
generated by GNU Autoconf 2.67.  Invocation command line was

  $ ./configure --prefix=/usr/local/libfprint

## --------- ##
## Platform. ##
## --------- ##

hostname = S003501
uname -m = i686
uname -r = 2.6.28.10
uname -s = Linux
uname -v = #1 SMP PREEMPT Wed Mar 10 14:18:35 GMT 2010

/usr/bin/uname -p = unknown
/bin/uname -X     = unknown

/bin/arch              = i686
/usr/bin/arch -k       = unknown
/usr/convex/getsysinfo = unknown
/usr/bin/hostinfo      = unknown
/bin/machine           = unknown
/usr/bin/oslevel       = unknown
/bin/universe          = unknown

PATH: /usr/fms/bin
PATH: /bin
PATH: /usr/bin
PATH: /usr/fms/op/bin
PATH: /sbin
PATH: /usr/X11R6/bin


## ----------- ##
## Core tests. ##
## ----------- ##

configure:2473: checking for a BSD-compatible install
configure:2541: result: /usr/bin/install -c
configure:2552: checking whether build environment is sane
configure:2602: result: yes
configure:2743: checking for a thread-safe mkdir -p
configure:2782: result: /bin/mkdir -p
configure:2795: checking for gawk
configure:2811: found /usr/bin/gawk
configure:2822: result: gawk
configure:2833: checking whether make sets $(MAKE)
configure:2855: result: yes
configure:2989: checking for gcc
configure:3005: found /usr/bin/gcc
configure:3016: result: gcc
configure:3245: checking for C compiler version
configure:3254: gcc --version >&5
gcc (GCC) 4.1.2 20061115 (prerelease) (Debian 4.1.1-21)
Copyright (C) 2006 Free Software Foundation, Inc.
This is free software; see the source for copying conditions.  There is NO
warranty; not even for MERCHANTABILITY or FITNESS FOR A PARTICULAR PURPOSE.

configure:3265: $? = 0
configure:3254: gcc -v >&5
Using built-in specs.
Target: i486-linux-gnu
Configured with: ../src/configure -v --enable-languages=c,c++,fortran,objc,obj-c++,treelang --prefix=/usr --enable-shared --with-system-zlib --libexecdir=/usr/lib --without-included-gettext --enable-threads=posix --enable-nls --program-suffix=-4.1 --enable-__cxa_atexit --enable-clocale=gnu --enable-libstdcxx-debug --enable-mpfr --with-tune=i686 --enable-checking=release i486-linux-gnu
Thread model: posix
gcc version 4.1.2 20061115 (prerelease) (Debian 4.1.1-21)
configure:3265: $? = 0
configure:3254: gcc -V >&5
gcc: '-V' option must have argument
configure:3265: $? = 1
configure:3254: gcc -qversion >&5
gcc: unrecognized option '-qversion'
gcc: no input files
configure:3265: $? = 1
configure:3285: checking whether the C compiler works
configure:3307: gcc  -I/usr/local/nss/include -I/usr/local/include/nspr -I/usr/local/ImageMagick/include/ImageMagick -I/usr/local/include -L/usr/local/nss/mozilla/dist/Linux2.6_x86_glibc_PTH_DBG.OBJ/lib -L/usr/local/glib_228/lib -L/usr/local/ImageMagick/lib -L/usr/local/lib -L/usr/lib conftest.c  >&5
configure:3311: $? = 0
configure:3359: result: yes
configure:3362: checking for C compiler default output file name
configure:3364: result: a.out
configure:3370: checking for suffix of executables
configure:3377: gcc -o conftest  -I/usr/local/nss/include -I/usr/local/include/nspr -I/usr/local/ImageMagick/include/ImageMagick -I/usr/local/include -L/usr/local/nss/mozilla/dist/Linux2.6_x86_glibc_PTH_DBG.OBJ/lib -L/usr/local/glib_228/lib -L/usr/local/ImageMagick/lib -L/usr/local/lib -L/usr/lib conftest.c  >&5
configure:3381: $? = 0
configure:3403: result: 
configure:3425: checking whether we are cross compiling
configure:3433: gcc -o conftest  -I/usr/local/nss/include -I/usr/local/include/nspr -I/usr/local/ImageMagick/include/ImageMagick -I/usr/local/include -L/usr/local/nss/mozilla/dist/Linux2.6_x86_glibc_PTH_DBG.OBJ/lib -L/usr/local/glib_228/lib -L/usr/local/ImageMagick/lib -L/usr/local/lib -L/usr/lib conftest.c  >&5
configure:3437: $? = 0
configure:3444: ./conftest
configure:3448: $? = 0
configure:3463: result: no
configure:3468: checking for suffix of object files
configure:3490: gcc -c  -I/usr/local/nss/include -I/usr/local/include/nspr -I/usr/local/ImageMagick/include/ImageMagick -I/usr/local/include conftest.c >&5
configure:3494: $? = 0
configure:3515: result: o
configure:3519: checking whether we are using the GNU C compiler
configure:3538: gcc -c  -I/usr/local/nss/include -I/usr/local/include/nspr -I/usr/local/ImageMagick/include/ImageMagick -I/usr/local/include conftest.c >&5
configure:3538: $? = 0
configure:3547: result: yes
configure:3556: checking whether gcc accepts -g
configure:3576: gcc -c -g -I/usr/local/nss/include -I/usr/local/include/nspr -I/usr/local/ImageMagick/include/ImageMagick -I/usr/local/include conftest.c >&5
configure:3576: $? = 0
configure:3617: result: yes
configure:3634: checking for gcc option to accept ISO C89
configure:3698: gcc  -c -g -O2 -I/usr/local/nss/include -I/usr/local/include/nspr -I/usr/local/ImageMagick/include/ImageMagick -I/usr/local/include conftest.c >&5
configure:3698: $? = 0
configure:3711: result: none needed
configure:3742: checking for style of include used by make
configure:3770: result: GNU
configure:3795: checking dependency style of gcc
configure:3905: result: gcc3
configure:3949: checking build system type
configure:3963: result: i686-pc-linux-gnu
configure:3983: checking host system type
configure:3996: result: i686-pc-linux-gnu
configure:4016: checking for a sed that does not truncate output
configure:4080: result: /bin/sed
configure:4098: checking for grep that handles long lines and -e
configure:4156: result: /bin/grep
configure:4161: checking for egrep
configure:4223: result: /bin/grep -E
configure:4228: checking for fgrep
configure:4290: result: /bin/grep -F
configure:4325: checking for ld used by gcc
configure:4392: result: /usr/bin/ld
configure:4399: checking if the linker (/usr/bin/ld) is GNU ld
configure:4414: result: yes
configure:4426: checking for BSD- or MS-compatible name lister (nm)
configure:4475: result: /usr/bin/nm -B
configure:4593: checking the name lister (/usr/bin/nm -B) interface
configure:4600: gcc -c -g -O2 -I/usr/local/nss/include -I/usr/local/include/nspr -I/usr/local/ImageMagick/include/ImageMagick -I/usr/local/include conftest.c >&5
configure:4603: /usr/bin/nm -B "conftest.o"
configure:4606: output
00000000 B some_variable
configure:4613: result: BSD nm
configure:4616: checking whether ln -s works
configure:4620: result: yes
configure:4628: checking the maximum length of command line arguments
configure:4748: result: 98304
configure:4765: checking whether the shell understands some XSI constructs
configure:4775: result: yes
configure:4779: checking whether the shell understands "+="
configure:4785: result: no
configure:4820: checking for /usr/bin/ld option to reload object files
configure:4827: result: -r
configure:4896: checking for objdump
configure:4912: found /usr/bin/objdump
configure:4923: result: objdump
configure:4955: checking how to recognize dependent libraries
configure:5151: result: pass_all
configure:5211: checking for ar
configure:5227: found /usr/bin/ar
configure:5238: result: ar
configure:5316: checking for strip
configure:5332: found /usr/bin/strip
configure:5343: result: strip
configure:5415: checking for ranlib
configure:5431: found /usr/bin/ranlib
configure:5442: result: ranlib
configure:5532: checking command to parse /usr/bin/nm -B output from gcc object
configure:5650: gcc -c -g -O2 -I/usr/local/nss/include -I/usr/local/include/nspr -I/usr/local/ImageMagick/include/ImageMagick -I/usr/local/include conftest.c >&5
configure:5653: $? = 0
configure:5657: /usr/bin/nm -B conftest.o \| sed -n -e 's/^.*[	 ]\([ABCDGIRSTW][ABCDGIRSTW]*\)[	 ][	 ]*\([_A-Za-z][_A-Za-z0-9]*\)$/\1 \2 \2/p' \> conftest.nm
configure:5660: $? = 0
configure:5714: gcc -o conftest -g -O2 -I/usr/local/nss/include -I/usr/local/include/nspr -I/usr/local/ImageMagick/include/ImageMagick -I/usr/local/include -L/usr/local/nss/mozilla/dist/Linux2.6_x86_glibc_PTH_DBG.OBJ/lib -L/usr/local/glib_228/lib -L/usr/local/ImageMagick/lib -L/usr/local/lib -L/usr/lib conftest.c conftstm.o >&5
configure:5717: $? = 0
configure:5755: result: ok
configure:6564: checking how to run the C preprocessor
configure:6595: gcc -E -I/usr/local/nss/include -I/usr/local/include/nspr -I/usr/local/ImageMagick/include/ImageMagick -I/usr/local/include conftest.c
configure:6595: $? = 0
configure:6609: gcc -E -I/usr/local/nss/include -I/usr/local/include/nspr -I/usr/local/ImageMagick/include/ImageMagick -I/usr/local/include conftest.c
conftest.c:11:28: error: ac_nonexistent.h: No such file or directory
configure:6609: $? = 1
configure: failed program was:
| /* confdefs.h */
| #define PACKAGE_NAME "libfprint"
| #define PACKAGE_TARNAME "libfprint"
| #define PACKAGE_VERSION "0.3.0"
| #define PACKAGE_STRING "libfprint 0.3.0"
| #define PACKAGE_BUGREPORT ""
| #define PACKAGE_URL ""
| #define PACKAGE "libfprint"
| #define VERSION "0.3.0"
| /* end confdefs.h.  */
| #include <ac_nonexistent.h>
configure:6634: result: gcc -E
configure:6654: gcc -E -I/usr/local/nss/include -I/usr/local/include/nspr -I/usr/local/ImageMagick/include/ImageMagick -I/usr/local/include conftest.c
configure:6654: $? = 0
configure:6668: gcc -E -I/usr/local/nss/include -I/usr/local/include/nspr -I/usr/local/ImageMagick/include/ImageMagick -I/usr/local/include conftest.c
conftest.c:11:28: error: ac_nonexistent.h: No such file or directory
configure:6668: $? = 1
configure: failed program was:
| /* confdefs.h */
| #define PACKAGE_NAME "libfprint"
| #define PACKAGE_TARNAME "libfprint"
| #define PACKAGE_VERSION "0.3.0"
| #define PACKAGE_STRING "libfprint 0.3.0"
| #define PACKAGE_BUGREPORT ""
| #define PACKAGE_URL ""
| #define PACKAGE "libfprint"
| #define VERSION "0.3.0"
| /* end confdefs.h.  */
| #include <ac_nonexistent.h>
configure:6697: checking for ANSI C header files
configure:6717: gcc -c -g -O2 -I/usr/local/nss/include -I/usr/local/include/nspr -I/usr/local/ImageMagick/include/ImageMagick -I/usr/local/include conftest.c >&5
configure:6717: $? = 0
configure:6787: gcc -o conftest -g -O2 -I/usr/local/nss/include -I/usr/local/include/nspr -I/usr/local/ImageMagick/include/ImageMagick -I/usr/local/include -L/usr/local/nss/mozilla/dist/Linux2.6_x86_glibc_PTH_DBG.OBJ/lib -L/usr/local/glib_228/lib -L/usr/local/ImageMagick/lib -L/usr/local/lib -L/usr/lib conftest.c  >&5
configure:6787: $? = 0
configure:6787: ./conftest
configure:6787: $? = 0
configure:6798: result: yes
configure:6811: checking for sys/types.h
configure:6811: gcc -c -g -O2 -I/usr/local/nss/include -I/usr/local/include/nspr -I/usr/local/ImageMagick/include/ImageMagick -I/usr/local/include conftest.c >&5
configure:6811: $? = 0
configure:6811: result: yes
configure:6811: checking for sys/stat.h
configure:6811: gcc -c -g -O2 -I/usr/local/nss/include -I/usr/local/include/nspr -I/usr/local/ImageMagick/include/ImageMagick -I/usr/local/include conftest.c >&5
configure:6811: $? = 0
configure:6811: result: yes
configure:6811: checking for stdlib.h
configure:6811: gcc -c -g -O2 -I/usr/local/nss/include -I/usr/local/include/nspr -I/usr/local/ImageMagick/include/ImageMagick -I/usr/local/include conftest.c >&5
configure:6811: $? = 0
configure:6811: result: yes
configure:6811: checking for string.h
configure:6811: gcc -c -g -O2 -I/usr/local/nss/include -I/usr/local/include/nspr -I/usr/local/ImageMagick/include/ImageMagick -I/usr/local/include conftest.c >&5
configure:6811: $? = 0
configure:6811: result: yes
configure:6811: checking for memory.h
configure:6811: gcc -c -g -O2 -I/usr/local/nss/include -I/usr/local/include/nspr -I/usr/local/ImageMagick/include/ImageMagick -I/usr/local/include conftest.c >&5
configure:6811: $? = 0
configure:6811: result: yes
configure:6811: checking for strings.h
configure:6811: gcc -c -g -O2 -I/usr/local/nss/include -I/usr/local/include/nspr -I/usr/local/ImageMagick/include/ImageMagick -I/usr/local/include conftest.c >&5
configure:6811: $? = 0
configure:6811: result: yes
configure:6811: checking for inttypes.h
configure:6811: gcc -c -g -O2 -I/usr/local/nss/include -I/usr/local/include/nspr -I/usr/local/ImageMagick/include/ImageMagick -I/usr/local/include conftest.c >&5
configure:6811: $? = 0
configure:6811: result: yes
configure:6811: checking for stdint.h
configure:6811: gcc -c -g -O2 -I/usr/local/nss/include -I/usr/local/include/nspr -I/usr/local/ImageMagick/include/ImageMagick -I/usr/local/include conftest.c >&5
configure:6811: $? = 0
configure:6811: result: yes
configure:6811: checking for unistd.h
configure:6811: gcc -c -g -O2 -I/usr/local/nss/include -I/usr/local/include/nspr -I/usr/local/ImageMagick/include/ImageMagick -I/usr/local/include conftest.c >&5
configure:6811: $? = 0
configure:6811: result: yes
configure:6825: checking for dlfcn.h
configure:6825: gcc -c -g -O2 -I/usr/local/nss/include -I/usr/local/include/nspr -I/usr/local/ImageMagick/include/ImageMagick -I/usr/local/include conftest.c >&5
configure:6825: $? = 0
configure:6825: result: yes
configure:7009: checking for objdir
configure:7024: result: .libs
configure:7316: checking if gcc supports -fno-rtti -fno-exceptions
configure:7337: gcc -c -g -O2 -I/usr/local/nss/include -I/usr/local/include/nspr -I/usr/local/ImageMagick/include/ImageMagick -I/usr/local/include -fno-rtti -fno-exceptions conftest.c >&5
cc1: warning: command line option "-fno-rtti" is valid for C++/ObjC++ but not for C
configure:7341: $? = 0
configure:7351: result: no
configure:7371: checking for gcc option to produce PIC
configure:7643: result: -fPIC -DPIC
configure:7655: checking if gcc PIC flag -fPIC -DPIC works
configure:7676: gcc -c -g -O2 -I/usr/local/nss/include -I/usr/local/include/nspr -I/usr/local/ImageMagick/include/ImageMagick -I/usr/local/include -fPIC -DPIC -DPIC conftest.c >&5
configure:7680: $? = 0
configure:7690: result: yes
configure:7714: checking if gcc static flag -static works
configure:7742: result: yes
configure:7757: checking if gcc supports -c -o file.o
configure:7781: gcc -c -g -O2 -I/usr/local/nss/include -I/usr/local/include/nspr -I/usr/local/ImageMagick/include/ImageMagick -I/usr/local/include -o out/conftest2.o conftest.c >&5
configure:7785: $? = 0
configure:7804: result: yes
configure:7812: checking if gcc supports -c -o file.o
configure:7859: result: yes
configure:7892: checking whether the gcc linker (/usr/bin/ld) supports shared libraries
configure:8883: result: yes
configure:8920: checking whether -lc should be explicitly linked in
configure:8925: gcc -c -g -O2 -I/usr/local/nss/include -I/usr/local/include/nspr -I/usr/local/ImageMagick/include/ImageMagick -I/usr/local/include conftest.c >&5
configure:8928: $? = 0
configure:8943: gcc -shared conftest.o  -v -Wl,-soname -Wl,conftest -o conftest 2\>\&1 \| /bin/grep  -lc  \>/dev/null 2\>\&1
configure:8946: $? = 0
configure:8958: result: no
configure:9122: checking dynamic linker characteristics
configure:9555: gcc -o conftest -g -O2 -I/usr/local/nss/include -I/usr/local/include/nspr -I/usr/local/ImageMagick/include/ImageMagick -I/usr/local/include -L/usr/local/nss/mozilla/dist/Linux2.6_x86_glibc_PTH_DBG.OBJ/lib -L/usr/local/glib_228/lib -L/usr/local/ImageMagick/lib -L/usr/local/lib -L/usr/lib -Wl,-rpath -Wl,/foo conftest.c  >&5
configure:9555: $? = 0
configure:9785: result: GNU/Linux ld.so
configure:9887: checking how to hardcode library paths into programs
configure:9912: result: immediate
configure:10432: checking whether stripping libraries is possible
configure:10437: result: yes
configure:10472: checking if libtool supports shared libraries
configure:10474: result: yes
configure:10477: checking whether to build shared libraries
configure:10498: result: yes
configure:10501: checking whether to build static libraries
configure:10505: result: yes
configure:10540: checking for inline
configure:10556: gcc -c -g -O2 -I/usr/local/nss/include -I/usr/local/include/nspr -I/usr/local/ImageMagick/include/ImageMagick -I/usr/local/include conftest.c >&5
configure:10556: $? = 0
configure:10564: result: inline
configure:10583: checking whether gcc and cc understand -c and -o together
configure:10614: gcc -c conftest.c -o conftest2.o >&5
configure:10618: $? = 0
configure:10624: gcc -c conftest.c -o conftest2.o >&5
configure:10628: $? = 0
configure:10639: cc -c conftest.c >&5
configure:10643: $? = 0
configure:10651: cc -c conftest.c -o conftest2.o >&5
configure:10655: $? = 0
configure:10661: cc -c conftest.c -o conftest2.o >&5
configure:10665: $? = 0
configure:10683: result: yes
configure:10766: checking for g++
configure:10782: found /usr/bin/g++
configure:10793: result: g++
configure:10820: checking for C++ compiler version
configure:10829: g++ --version >&5
g++ (GCC) 3.2.3 (Debian)
Copyright (C) 2002 Free Software Foundation, Inc.
This is free software; see the source for copying conditions.  There is NO
warranty; not even for MERCHANTABILITY or FITNESS FOR A PARTICULAR PURPOSE.

configure:10840: $? = 0
configure:10829: g++ -v >&5
Reading specs from /usr/lib/gcc-lib/i386-linux/3.2.3/specs
Configured with: ../src/configure -v --enable-languages=c,c++,f77,objc,ada --prefix=/usr --mandir=/usr/share/man --infodir=/usr/share/info --with-gxx-include-dir=/usr/include/c++/3.2 --enable-shared --with-system-zlib --enable-nls --without-included-gettext --enable-__cxa_atexit --enable-clocale=gnu --enable-objc-gc i386-linux
Thread model: posix
gcc version 3.2.3 (Debian)
configure:10840: $? = 0
configure:10829: g++ -V >&5
g++: argument to `-V' missing

configure:10840: $? = 1
configure:10829: g++ -qversion >&5
g++: unrecognized option `-qversion'
g++: no input files
configure:10840: $? = 1
configure:10844: checking whether we are using the GNU C++ compiler
configure:10863: g++ -c  -I/usr/local/nss/include -I/usr/local/include/nspr -I/usr/local/ImageMagick/include/ImageMagick -I/usr/local/include conftest.cpp >&5
configure:10863: $? = 0
configure:10872: result: yes
configure:10881: checking whether g++ accepts -g
configure:10901: g++ -c -g -I/usr/local/nss/include -I/usr/local/include/nspr -I/usr/local/ImageMagick/include/ImageMagick -I/usr/local/include conftest.cpp >&5
configure:10901: $? = 0
configure:10942: result: yes
configure:10967: checking dependency style of g++
configure:11077: result: gcc3
configure:11205: checking for C++ compiler version
configure:11214: g++ --version >&5
g++ (GCC) 3.2.3 (Debian)
Copyright (C) 2002 Free Software Foundation, Inc.
This is free software; see the source for copying conditions.  There is NO
warranty; not even for MERCHANTABILITY or FITNESS FOR A PARTICULAR PURPOSE.

configure:11225: $? = 0
configure:11214: g++ -v >&5
Reading specs from /usr/lib/gcc-lib/i386-linux/3.2.3/specs
Configured with: ../src/configure -v --enable-languages=c,c++,f77,objc,ada --prefix=/usr --mandir=/usr/share/man --infodir=/usr/share/info --with-gxx-include-dir=/usr/include/c++/3.2 --enable-shared --with-system-zlib --enable-nls --without-included-gettext --enable-__cxa_atexit --enable-clocale=gnu --enable-objc-gc i386-linux
Thread model: posix
gcc version 3.2.3 (Debian)
configure:11225: $? = 0
configure:11214: g++ -V >&5
g++: argument to `-V' missing

configure:11225: $? = 1
configure:11214: g++ -qversion >&5
g++: unrecognized option `-qversion'
g++: no input files
configure:11225: $? = 1
configure:11229: checking whether we are using the GNU C++ compiler
configure:11257: result: yes
configure:11266: checking whether g++ accepts -g
configure:11327: result: yes
configure:11352: checking dependency style of g++
configure:11462: result: gcc3
configure:11485: checking how to run the C++ preprocessor
configure:11512: g++ -E -I/usr/local/nss/include -I/usr/local/include/nspr -I/usr/local/ImageMagick/include/ImageMagick -I/usr/local/include conftest.cpp
configure:11512: $? = 0
configure:11526: g++ -E -I/usr/local/nss/include -I/usr/local/include/nspr -I/usr/local/ImageMagick/include/ImageMagick -I/usr/local/include conftest.cpp
conftest.cpp:23:28: ac_nonexistent.h: No such file or directory
configure:11526: $? = 1
configure: failed program was:
| /* confdefs.h */
| #define PACKAGE_NAME "libfprint"
| #define PACKAGE_TARNAME "libfprint"
| #define PACKAGE_VERSION "0.3.0"
| #define PACKAGE_STRING "libfprint 0.3.0"
| #define PACKAGE_BUGREPORT ""
| #define PACKAGE_URL ""
| #define PACKAGE "libfprint"
| #define VERSION "0.3.0"
| #define STDC_HEADERS 1
| #define HAVE_SYS_TYPES_H 1
| #define HAVE_SYS_STAT_H 1
| #define HAVE_STDLIB_H 1
| #define HAVE_STRING_H 1
| #define HAVE_MEMORY_H 1
| #define HAVE_STRINGS_H 1
| #define HAVE_INTTYPES_H 1
| #define HAVE_STDINT_H 1
| #define HAVE_UNISTD_H 1
| #define HAVE_DLFCN_H 1
| #define LT_OBJDIR ".libs/"
| /* end confdefs.h.  */
| #include <ac_nonexistent.h>
configure:11551: result: g++ -E
configure:11571: g++ -E -I/usr/local/nss/include -I/usr/local/include/nspr -I/usr/local/ImageMagick/include/ImageMagick -I/usr/local/include conftest.cpp
configure:11571: $? = 0
configure:11585: g++ -E -I/usr/local/nss/include -I/usr/local/include/nspr -I/usr/local/ImageMagick/include/ImageMagick -I/usr/local/include conftest.cpp
conftest.cpp:23:28: ac_nonexistent.h: No such file or directory
configure:11585: $? = 1
configure: failed program was:
| /* confdefs.h */
| #define PACKAGE_NAME "libfprint"
| #define PACKAGE_TARNAME "libfprint"
| #define PACKAGE_VERSION "0.3.0"
| #define PACKAGE_STRING "libfprint 0.3.0"
| #define PACKAGE_BUGREPORT ""
| #define PACKAGE_URL ""
| #define PACKAGE "libfprint"
| #define VERSION "0.3.0"
| #define STDC_HEADERS 1
| #define HAVE_SYS_TYPES_H 1
| #define HAVE_SYS_STAT_H 1
| #define HAVE_STDLIB_H 1
| #define HAVE_STRING_H 1
| #define HAVE_MEMORY_H 1
| #define HAVE_STRINGS_H 1
| #define HAVE_INTTYPES_H 1
| #define HAVE_STDINT_H 1
| #define HAVE_UNISTD_H 1
| #define HAVE_DLFCN_H 1
| #define LT_OBJDIR ".libs/"
| /* end confdefs.h.  */
| #include <ac_nonexistent.h>
configure:11753: checking for ld used by g++
configure:11820: result: /usr/bin/ld
configure:11827: checking if the linker (/usr/bin/ld) is GNU ld
configure:11842: result: yes
configure:11897: checking whether the g++ linker (/usr/bin/ld) supports shared libraries
configure:12810: result: yes
configure:12838: g++ -c -g -O2 -I/usr/local/nss/include -I/usr/local/include/nspr -I/usr/local/ImageMagick/include/ImageMagick -I/usr/local/include conftest.cpp >&5
configure:12841: $? = 0
configure:13023: checking for g++ option to produce PIC
configure:13340: result: -fPIC -DPIC
configure:13349: checking if g++ PIC flag -fPIC -DPIC works
configure:13370: g++ -c -g -O2 -I/usr/local/nss/include -I/usr/local/include/nspr -I/usr/local/ImageMagick/include/ImageMagick -I/usr/local/include -fPIC -DPIC -DPIC conftest.cpp >&5
configure:13374: $? = 0
configure:13384: result: yes
configure:13405: checking if g++ static flag -static works
configure:13433: result: yes
configure:13445: checking if g++ supports -c -o file.o
configure:13469: g++ -c -g -O2 -I/usr/local/nss/include -I/usr/local/include/nspr -I/usr/local/ImageMagick/include/ImageMagick -I/usr/local/include -o out/conftest2.o conftest.cpp >&5
configure:13473: $? = 0
configure:13492: result: yes
configure:13497: checking if g++ supports -c -o file.o
configure:13544: result: yes
configure:13574: checking whether the g++ linker (/usr/bin/ld) supports shared libraries
configure:13603: result: yes
configure:13740: checking dynamic linker characteristics
configure:14121: g++ -o conftest -g -O2 -I/usr/local/nss/include -I/usr/local/include/nspr -I/usr/local/ImageMagick/include/ImageMagick -I/usr/local/include -L/usr/local/nss/mozilla/dist/Linux2.6_x86_glibc_PTH_DBG.OBJ/lib -L/usr/local/glib_228/lib -L/usr/local/ImageMagick/lib -L/usr/local/lib -L/usr/lib -Wl,-rpath -Wl,/foo conftest.cpp  >&5
configure:14121: $? = 0
configure:14351: result: GNU/Linux ld.so
configure:14402: checking how to hardcode library paths into programs
configure:14427: result: immediate
configure:14709: checking for pkg-config
configure:14727: found /usr/bin/pkg-config
configure:14739: result: /usr/bin/pkg-config
configure:14764: checking pkg-config is at least version 0.9.0
configure:14767: result: yes
configure:14777: checking for LIBUSB
configure:14784: $PKG_CONFIG --exists --print-errors "libusb-1.0 >= 0.9.1"
configure:14787: $? = 0
configure:14800: $PKG_CONFIG --exists --print-errors "libusb-1.0 >= 0.9.1"
configure:14803: $? = 0
configure:14860: result: yes
configure:14870: checking for CRYPTO
configure:14893: $PKG_CONFIG --exists --print-errors "nss"
configure:14896: $? = 0
configure:14953: result: yes
configure:14962: checking for GLIB
configure:14969: $PKG_CONFIG --exists --print-errors ""glib-2.0""
configure:14972: $? = 0
configure:14985: $PKG_CONFIG --exists --print-errors ""glib-2.0""
configure:14988: $? = 0
configure:15045: result: yes
configure:15058: checking for IMAGING
configure:15065: $PKG_CONFIG --exists --print-errors "gthread-2.0 gdk-pixbuf-2.0"
Package gdk-pixbuf-2.0 was not found in the pkg-config search path.
Perhaps you should add the directory containing `gdk-pixbuf-2.0.pc'
to the PKG_CONFIG_PATH environment variable
No package 'gdk-pixbuf-2.0' found
configure:15068: $? = 1
configure:15081: $PKG_CONFIG --exists --print-errors "gthread-2.0 gdk-pixbuf-2.0"
Package gdk-pixbuf-2.0 was not found in the pkg-config search path.
Perhaps you should add the directory containing `gdk-pixbuf-2.0.pc'
to the PKG_CONFIG_PATH environment variable
No package 'gdk-pixbuf-2.0' found
configure:15084: $? = 1
configure:15097: result: no
Package gdk-pixbuf-2.0 was not found in the pkg-config search path.
Perhaps you should add the directory containing `gdk-pixbuf-2.0.pc'
to the PKG_CONFIG_PATH environment variable
No package 'gdk-pixbuf-2.0' found
configure:15128: checking for IMAGING
configure:15135: $PKG_CONFIG --exists --print-errors "ImageMagick"
configure:15138: $? = 0
configure:15151: $PKG_CONFIG --exists --print-errors "ImageMagick"
configure:15154: $? = 0
configure:15191: result: yes
configure:15343: gcc -c -g -O2 -fgnu89-inline -I/usr/local/nss/include -I/usr/local/include/nspr -I/usr/local/ImageMagick/include/ImageMagick -I/usr/local/include conftest.c >&5
cc1: error: unrecognized command line option "-fgnu89-inline"
configure:15343: $? = 1
configure: failed program was:
| /* confdefs.h */
| #define PACKAGE_NAME "libfprint"
| #define PACKAGE_TARNAME "libfprint"
| #define PACKAGE_VERSION "0.3.0"
| #define PACKAGE_STRING "libfprint 0.3.0"
| #define PACKAGE_BUGREPORT ""
| #define PACKAGE_URL ""
| #define PACKAGE "libfprint"
| #define VERSION "0.3.0"
| #define STDC_HEADERS 1
| #define HAVE_SYS_TYPES_H 1
| #define HAVE_SYS_STAT_H 1
| #define HAVE_STDLIB_H 1
| #define HAVE_STRING_H 1
| #define HAVE_MEMORY_H 1
| #define HAVE_STRINGS_H 1
| #define HAVE_INTTYPES_H 1
| #define HAVE_STDINT_H 1
| #define HAVE_UNISTD_H 1
| #define HAVE_DLFCN_H 1
| #define LT_OBJDIR ".libs/"
| #define _GNU_SOURCE /**/
| #define ENABLE_UPEKE2 /**/
| #define ENABLE_UPEKTS /**/
| #define ENABLE_UPEKTC /**/
| #define ENABLE_UPEKSONLY /**/
| #define ENABLE_VCOM5S /**/
| #define ENABLE_URU4000 /**/
| #define ENABLE_FDU2000 /**/
| #define ENABLE_AES1610 /**/
| #define ENABLE_AES2501 /**/
| #define ENABLE_AES4000 /**/
| #define ENABLE_LOGGING 1
| /* end confdefs.h.  */
| 
| int
| main ()
| {
| 
|   ;
|   return 0;
| }
configure:15359: ** Using gdk-pixbuf for imaging
configure:15371: ** upekts driver enabled
configure:15378: ** upeke2 driver enabled
configure:15388:    upektc driver disabled
configure:15392: ** upeksonly driver enabled
configure:15399: ** vcom5s driver enabled
configure:15406: ** uru4000 driver enabled
configure:15416:    fdu2000 driver disabled
configure:15420: ** aes1610 driver enabled
configure:15427: ** aes2501 driver enabled
configure:15434: ** aes4000 driver enabled
configure:15441: ** aeslib helper functions enabled
configure:15633: creating ./config.status

## ---------------------- ##
## Running config.status. ##
## ---------------------- ##

This file was extended by libfprint config.status 0.3.0, which was
generated by GNU Autoconf 2.67.  Invocation command line was

  CONFIG_FILES    = 
  CONFIG_HEADERS  = 
  CONFIG_LINKS    = 
  CONFIG_COMMANDS = 
  $ ./config.status 

on S003501

config.status:1192: creating libfprint.pc
config.status:1192: creating Makefile
config.status:1192: creating libfprint/Makefile
config.status:1192: creating examples/Makefile
config.status:1192: creating doc/Makefile
config.status:1192: creating config.h
config.status:1420: executing depfiles commands
config.status:1420: executing libtool commands

## ---------------- ##
## Cache variables. ##
## ---------------- ##

ac_cv_build=i686-pc-linux-gnu
ac_cv_c_compiler_gnu=yes
ac_cv_c_inline=inline
ac_cv_cxx_compiler_gnu=yes
ac_cv_env_CCC_set=
ac_cv_env_CCC_value=
ac_cv_env_CC_set=
ac_cv_env_CC_value=
ac_cv_env_CFLAGS_set=
ac_cv_env_CFLAGS_value=
ac_cv_env_CPPFLAGS_set=set
ac_cv_env_CPPFLAGS_value='-I/usr/local/nss/include -I/usr/local/include/nspr -I/usr/local/ImageMagick/include/ImageMagick -I/usr/local/include'
ac_cv_env_CPP_set=
ac_cv_env_CPP_value=
ac_cv_env_CRYPTO_CFLAGS_set=set
ac_cv_env_CRYPTO_CFLAGS_value=-I/usr/local/nss/mozilla/include
ac_cv_env_CRYPTO_LIBS_set=
ac_cv_env_CRYPTO_LIBS_value=
ac_cv_env_CXXCPP_set=
ac_cv_env_CXXCPP_value=
ac_cv_env_CXXFLAGS_set=
ac_cv_env_CXXFLAGS_value=
ac_cv_env_CXX_set=
ac_cv_env_CXX_value=
ac_cv_env_GLIB_CFLAGS_set=
ac_cv_env_GLIB_CFLAGS_value=
ac_cv_env_GLIB_LIBS_set=
ac_cv_env_GLIB_LIBS_value=
ac_cv_env_IMAGING_CFLAGS_set=
ac_cv_env_IMAGING_CFLAGS_value=
ac_cv_env_IMAGING_LIBS_set=
ac_cv_env_IMAGING_LIBS_value=
ac_cv_env_LDFLAGS_set=set
ac_cv_env_LDFLAGS_value='-L/usr/local/nss/mozilla/dist/Linux2.6_x86_glibc_PTH_DBG.OBJ/lib -L/usr/local/glib_228/lib -L/usr/local/ImageMagick/lib -L/usr/local/lib -L/usr/lib'
ac_cv_env_LIBS_set=
ac_cv_env_LIBS_value=
ac_cv_env_LIBUSB_CFLAGS_set=
ac_cv_env_LIBUSB_CFLAGS_value=
ac_cv_env_LIBUSB_LIBS_set=
ac_cv_env_LIBUSB_LIBS_value=
ac_cv_env_PKG_CONFIG_LIBDIR_set=
ac_cv_env_PKG_CONFIG_LIBDIR_value=
ac_cv_env_PKG_CONFIG_PATH_set=set
ac_cv_env_PKG_CONFIG_PATH_value=/tmp
ac_cv_env_PKG_CONFIG_set=
ac_cv_env_PKG_CONFIG_value=
ac_cv_env_build_alias_set=
ac_cv_env_build_alias_value=
ac_cv_env_host_alias_set=
ac_cv_env_host_alias_value=
ac_cv_env_target_alias_set=
ac_cv_env_target_alias_value=
ac_cv_header_dlfcn_h=yes
ac_cv_header_inttypes_h=yes
ac_cv_header_memory_h=yes
ac_cv_header_stdc=yes
ac_cv_header_stdint_h=yes
ac_cv_header_stdlib_h=yes
ac_cv_header_string_h=yes
ac_cv_header_strings_h=yes
ac_cv_header_sys_stat_h=yes
ac_cv_header_sys_types_h=yes
ac_cv_header_unistd_h=yes
ac_cv_host=i686-pc-linux-gnu
ac_cv_objext=o
ac_cv_path_EGREP='/bin/grep -E'
ac_cv_path_FGREP='/bin/grep -F'
ac_cv_path_GREP=/bin/grep
ac_cv_path_SED=/bin/sed
ac_cv_path_ac_pt_PKG_CONFIG=/usr/bin/pkg-config
ac_cv_path_install='/usr/bin/install -c'
ac_cv_path_mkdir=/bin/mkdir
ac_cv_prog_AWK=gawk
ac_cv_prog_CPP='gcc -E'
ac_cv_prog_CXXCPP='g++ -E'
ac_cv_prog_ac_ct_AR=ar
ac_cv_prog_ac_ct_CC=gcc
ac_cv_prog_ac_ct_CXX=g++
ac_cv_prog_ac_ct_OBJDUMP=objdump
ac_cv_prog_ac_ct_RANLIB=ranlib
ac_cv_prog_ac_ct_STRIP=strip
ac_cv_prog_cc_c89=
ac_cv_prog_cc_g=yes
ac_cv_prog_cc_gcc_c_o=yes
ac_cv_prog_cxx_g=yes
ac_cv_prog_make_make_set=yes
am_cv_CC_dependencies_compiler_type=gcc3
am_cv_CXX_dependencies_compiler_type=gcc3
lt_cv_deplibs_check_method=pass_all
lt_cv_file_magic_cmd='$MAGIC_CMD'
lt_cv_file_magic_test_file=
lt_cv_ld_reload_flag=-r
lt_cv_nm_interface='BSD nm'
lt_cv_objdir=.libs
lt_cv_path_LD=/usr/bin/ld
lt_cv_path_LDCXX=/usr/bin/ld
lt_cv_path_NM='/usr/bin/nm -B'
lt_cv_prog_compiler_c_o=yes
lt_cv_prog_compiler_c_o_CXX=yes
lt_cv_prog_compiler_pic_works=yes
lt_cv_prog_compiler_pic_works_CXX=yes
lt_cv_prog_compiler_rtti_exceptions=no
lt_cv_prog_compiler_static_works=yes
lt_cv_prog_compiler_static_works_CXX=yes
lt_cv_prog_gnu_ld=yes
lt_cv_prog_gnu_ldcxx=yes
lt_cv_sys_global_symbol_pipe='sed -n -e '\''s/^.*[	 ]\([ABCDGIRSTW][ABCDGIRSTW]*\)[	 ][	 ]*\([_A-Za-z][_A-Za-z0-9]*\)$/\1 \2 \2/p'\'''
lt_cv_sys_global_symbol_to_c_name_address='sed -n -e '\''s/^: \([^ ]*\) $/  {\"\1\", (void *) 0},/p'\'' -e '\''s/^[ABCDGIRSTW]* \([^ ]*\) \([^ ]*\)$/  {"\2", (void *) \&\2},/p'\'''
lt_cv_sys_global_symbol_to_c_name_address_lib_prefix='sed -n -e '\''s/^: \([^ ]*\) $/  {\"\1\", (void *) 0},/p'\'' -e '\''s/^[ABCDGIRSTW]* \([^ ]*\) \(lib[^ ]*\)$/  {"\2", (void *) \&\2},/p'\'' -e '\''s/^[ABCDGIRSTW]* \([^ ]*\) \([^ ]*\)$/  {"lib\2", (void *) \&\2},/p'\'''
lt_cv_sys_global_symbol_to_cdecl='sed -n -e '\''s/^T .* \(.*\)$/extern int \1();/p'\'' -e '\''s/^[ABCDGIRSTW]* .* \(.*\)$/extern char \1;/p'\'''
lt_cv_sys_max_cmd_len=98304
pkg_cv_CRYPTO_CFLAGS=-I/usr/local/nss/mozilla/include
pkg_cv_CRYPTO_LIBS='-L/usr/local/nss/mozilla/dist/Linux2.6_x86_glibc_PTH_DBG.OBJ/lib -lnss3 -lnssutil3 -lsmime3 -lssl3 -lplds4 -lplc4 -lnspr4 -lpthread -ldl  '
pkg_cv_GLIB_CFLAGS='-I/usr/include/glib-2.0 -I/usr/lib/glib-2.0/include  '
pkg_cv_GLIB_LIBS='-lglib-2.0  '
pkg_cv_IMAGING_CFLAGS='-D_FILE_OFFSET_BITS=64 -D_REENTRANT -I/usr/include/magick/ImageMagick -I/usr/include/freetype2 -I/usr/X11R6/include -I/usr/include/libxml2  '
pkg_cv_IMAGING_LIBS='-L/usr/X11R6/lib -lMagick -llcms -ltiff -lfreetype -ljpeg -lpng -lwmflite -lXext -lSM -lICE -lX11 -lbz2 -lxml2 -lz -lpthread -lm  '
pkg_cv_LIBUSB_CFLAGS='-I/usr/local/include/libusb-1.0  '
pkg_cv_LIBUSB_LIBS='-L/usr/local/lib -lusb-1.0  '

## ----------------- ##
## Output variables. ##
## ----------------- ##

ACLOCAL='${SHELL} /tmp/libfprint/missing --run aclocal-1.11'
AMDEPBACKSLASH='\'
AMDEP_FALSE='#'
AMDEP_TRUE=''
AMTAR='${SHELL} /tmp/libfprint/missing --run tar'
AM_CFLAGS='-std=gnu99  -Wall -Wundef -Wunused -Wstrict-prototypes -Werror-implicit-function-declaration -Wno-pointer-sign -Wshadow'
AR='ar'
AUTOCONF='${SHELL} /tmp/libfprint/missing --run autoconf'
AUTOHEADER='${SHELL} /tmp/libfprint/missing --run autoheader'
AUTOMAKE='${SHELL} /tmp/libfprint/missing --run automake-1.11'
AWK='gawk'
BUILD_EXAMPLES_FALSE=''
BUILD_EXAMPLES_TRUE='#'
BUILD_X11_EXAMPLES_FALSE=''
BUILD_X11_EXAMPLES_TRUE='#'
CC='gcc'
CCDEPMODE='depmode=gcc3'
CFLAGS='-g -O2'
CPP='gcc -E'
CPPFLAGS='-I/usr/local/nss/include -I/usr/local/include/nspr -I/usr/local/ImageMagick/include/ImageMagick -I/usr/local/include'
CRYPTO_CFLAGS='-I/usr/local/nss/mozilla/include'
CRYPTO_LIBS='-L/usr/local/nss/mozilla/dist/Linux2.6_x86_glibc_PTH_DBG.OBJ/lib -lnss3 -lnssutil3 -lsmime3 -lssl3 -lplds4 -lplc4 -lnspr4 -lpthread -ldl  '
CXX='g++'
CXXCPP='g++ -E'
CXXDEPMODE='depmode=gcc3'
CXXFLAGS='-g -O2'
CYGPATH_W='echo'
DEFS='-DHAVE_CONFIG_H'
DEPDIR='.deps'
DSYMUTIL=''
DUMPBIN=''
ECHO_C=''
ECHO_N='-n'
ECHO_T=''
EGREP='/bin/grep -E'
ENABLE_AES1610_FALSE='#'
ENABLE_AES1610_TRUE=''
ENABLE_AES2501_FALSE='#'
ENABLE_AES2501_TRUE=''
ENABLE_AES4000_FALSE='#'
ENABLE_AES4000_TRUE=''
ENABLE_FDU2000_FALSE=''
ENABLE_FDU2000_TRUE='#'
ENABLE_UPEKE2_FALSE='#'
ENABLE_UPEKE2_TRUE=''
ENABLE_UPEKSONLY_FALSE='#'
ENABLE_UPEKSONLY_TRUE=''
ENABLE_UPEKTS_FALSE='#'
ENABLE_UPEKTS_TRUE=''
ENABLE_URU4000_FALSE='#'
ENABLE_URU4000_TRUE=''
ENABLE_VCOM5S_FALSE='#'
ENABLE_VCOM5S_TRUE=''
EXEEXT=''
FGREP='/bin/grep -F'
GLIB_CFLAGS='-I/usr/include/glib-2.0 -I/usr/lib/glib-2.0/include  '
GLIB_LIBS='-lglib-2.0  '
GREP='/bin/grep'
IMAGING_CFLAGS='-D_FILE_OFFSET_BITS=64 -D_REENTRANT -I/usr/include/magick/ImageMagick -I/usr/include/freetype2 -I/usr/X11R6/include -I/usr/include/libxml2  '
IMAGING_LIBS='-L/usr/X11R6/lib -lMagick -llcms -ltiff -lfreetype -ljpeg -lpng -lwmflite -lXext -lSM -lICE -lX11 -lbz2 -lxml2 -lz -lpthread -lm  '
INSTALL_DATA='${INSTALL} -m 644'
INSTALL_PROGRAM='${INSTALL}'
INSTALL_SCRIPT='${INSTALL}'
INSTALL_STRIP_PROGRAM='$(install_sh) -c -s'
LD='/usr/bin/ld'
LDFLAGS='-L/usr/local/nss/mozilla/dist/Linux2.6_x86_glibc_PTH_DBG.OBJ/lib -L/usr/local/glib_228/lib -L/usr/local/ImageMagick/lib -L/usr/local/lib -L/usr/lib'
LIBOBJS=''
LIBS=''
LIBTOOL='$(SHELL) $(top_builddir)/libtool'
LIBUSB_CFLAGS='-I/usr/local/include/libusb-1.0  '
LIBUSB_LIBS='-L/usr/local/lib -lusb-1.0  '
LIPO=''
LN_S='ln -s'
LTLIBOBJS=''
MAKEINFO='${SHELL} /tmp/libfprint/missing --run makeinfo'
MKDIR_P='/bin/mkdir -p'
NM='/usr/bin/nm -B'
NMEDIT=''
OBJDUMP='objdump'
OBJEXT='o'
OTOOL64=''
OTOOL=''
PACKAGE='libfprint'
PACKAGE_BUGREPORT=''
PACKAGE_NAME='libfprint'
PACKAGE_STRING='libfprint 0.3.0'
PACKAGE_TARNAME='libfprint'
PACKAGE_URL=''
PACKAGE_VERSION='0.3.0'
PATH_SEPARATOR=':'
PKG_CONFIG='/usr/bin/pkg-config'
PKG_CONFIG_LIBDIR=''
PKG_CONFIG_PATH='/tmp'
RANLIB='ranlib'
REQUIRE_AESLIB_FALSE='#'
REQUIRE_AESLIB_TRUE=''
REQUIRE_GDKPIXBUF_FALSE=''
REQUIRE_GDKPIXBUF_TRUE='#'
REQUIRE_IMAGEMAGICK_FALSE='#'
REQUIRE_IMAGEMAGICK_TRUE=''
SED='/bin/sed'
SET_MAKE=''
SHELL='/bin/sh'
STRIP='strip'
VERSION='0.3.0'
XV_CFLAGS=''
XV_LIBS=''
ac_ct_CC='gcc'
ac_ct_CXX='g++'
ac_ct_DUMPBIN=''
am__EXEEXT_FALSE=''
am__EXEEXT_TRUE='#'
am__fastdepCC_FALSE='#'
am__fastdepCC_TRUE=''
am__fastdepCXX_FALSE='#'
am__fastdepCXX_TRUE=''
am__include='include'
am__isrc=''
am__leading_dot='.'
am__quote=''
am__tar='${AMTAR} chof - "$$tardir"'
am__untar='${AMTAR} xf -'
bindir='${exec_prefix}/bin'
build='i686-pc-linux-gnu'
build_alias=''
build_cpu='i686'
build_os='linux-gnu'
build_vendor='pc'
datadir='${datarootdir}'
datarootdir='${prefix}/share'
docdir='${datarootdir}/doc/${PACKAGE_TARNAME}'
dvidir='${docdir}'
exec_prefix='${prefix}'
host='i686-pc-linux-gnu'
host_alias=''
host_cpu='i686'
host_os='linux-gnu'
host_vendor='pc'
htmldir='${docdir}'
includedir='${prefix}/include'
infodir='${datarootdir}/info'
install_sh='${SHELL} /tmp/libfprint/install-sh'
libdir='${exec_prefix}/lib'
libexecdir='${exec_prefix}/libexec'
localedir='${datarootdir}/locale'
localstatedir='${prefix}/var'
lt_ECHO='echo'
lt_age='0'
lt_major='0'
lt_revision='0'
mandir='${datarootdir}/man'
mkdir_p='/bin/mkdir -p'
oldincludedir='/usr/include'
pdfdir='${docdir}'
prefix='/usr/local/libfprint'
program_transform_name='s,x,x,'
psdir='${docdir}'
sbindir='${exec_prefix}/sbin'
sharedstatedir='${prefix}/com'
sysconfdir='${prefix}/etc'
target_alias=''

## ----------- ##
## confdefs.h. ##
## ----------- ##

/* confdefs.h */
#define PACKAGE_NAME "libfprint"
#define PACKAGE_TARNAME "libfprint"
#define PACKAGE_VERSION "0.3.0"
#define PACKAGE_STRING "libfprint 0.3.0"
#define PACKAGE_BUGREPORT ""
#define PACKAGE_URL ""
#define PACKAGE "libfprint"
#define VERSION "0.3.0"
#define STDC_HEADERS 1
#define HAVE_SYS_TYPES_H 1
#define HAVE_SYS_STAT_H 1
#define HAVE_STDLIB_H 1
#define HAVE_STRING_H 1
#define HAVE_MEMORY_H 1
#define HAVE_STRINGS_H 1
#define HAVE_INTTYPES_H 1
#define HAVE_STDINT_H 1
#define HAVE_UNISTD_H 1
#define HAVE_DLFCN_H 1
#define LT_OBJDIR ".libs/"
#define _GNU_SOURCE /**/
#define ENABLE_UPEKE2 /**/
#define ENABLE_UPEKTS /**/
#define ENABLE_UPEKTC /**/
#define ENABLE_UPEKSONLY /**/
#define ENABLE_VCOM5S /**/
#define ENABLE_URU4000 /**/
#define ENABLE_FDU2000 /**/
#define ENABLE_AES1610 /**/
#define ENABLE_AES2501 /**/
#define ENABLE_AES4000 /**/
#define ENABLE_LOGGING 1
#define API_EXPORTED __attribute__((visibility("default")))

configure: exit 0
